<?xml version="1.0" encoding="UTF-8"?>
<!-- Generated by org.testng.reporters.JUnitXMLReporter -->
<testsuite ignored="0" hostname="LAPTOP-CH5ODTAG" failures="0" tests="6" name="Default test" time="0.065" errors="0" timestamp="2021-06-07T17:57:27 IST">
  <testcase classname="com.githubAutomation.Base.TestBase" name="@BeforeTest browserinitialization" time="-1.62306884728E9">
    <failure type="org.testng.TestNGException" message="
Parameter &amp;apos;browserName&amp;apos; is required by BeforeTest on method browserinitialization but has not been marked @Optional or defined
in C:\Users\91996\AppData\Local\Temp\testng-eclipse-80468931\testng-customsuite.xml">
      <![CDATA[org.testng.TestNGException: 
Parameter 'browserName' is required by BeforeTest on method browserinitialization but has not been marked @Optional or defined
in C:\Users\91996\AppData\Local\Temp\testng-eclipse-80468931\testng-customsuite.xml
at org.testng.internal.Parameters.createParams(Parameters.java:268)
at org.testng.internal.Parameters.createParametersForMethod(Parameters.java:356)
at org.testng.internal.Parameters.createParameters(Parameters.java:700)
at org.testng.internal.Parameters.createConfigurationParameters(Parameters.java:166)
at org.testng.internal.ConfigInvoker.invokeConfigurations(ConfigInvoker.java:301)
at org.testng.TestRunner.invokeTestConfigurations(TestRunner.java:617)
at org.testng.TestRunner.beforeRun(TestRunner.java:607)
at org.testng.TestRunner.run(TestRunner.java:578)
at org.testng.SuiteRunner.runTest(SuiteRunner.java:384)
at org.testng.SuiteRunner.runSequentially(SuiteRunner.java:378)
at org.testng.SuiteRunner.privateRun(SuiteRunner.java:337)
at org.testng.SuiteRunner.run(SuiteRunner.java:286)
at org.testng.SuiteRunnerWorker.runSuite(SuiteRunnerWorker.java:53)
at org.testng.SuiteRunnerWorker.run(SuiteRunnerWorker.java:96)
at org.testng.TestNG.runSuitesSequentially(TestNG.java:1218)
at org.testng.TestNG.runSuitesLocally(TestNG.java:1140)
at org.testng.TestNG.runSuites(TestNG.java:1069)
at org.testng.TestNG.run(TestNG.java:1037)
at org.testng.remote.AbstractRemoteTestNG.run(AbstractRemoteTestNG.java:115)
at org.testng.remote.RemoteTestNG.initAndRun(RemoteTestNG.java:251)
at org.testng.remote.RemoteTestNG.main(RemoteTestNG.java:77)
]]>
    </failure>
  </testcase> <!-- @BeforeTest browserinitialization -->
  <testcase classname="com.githubAutomation.testCases.LandingPageTest" name="@BeforeMethod setup" time="-1.623068847313E9">
    <skipped/>
  </testcase> <!-- @BeforeMethod setup -->
  <testcase classname="com.githubAutomation.testCases.LandingPageTest" name="@BeforeMethod setup" time="-1.623068847321E9">
    <skipped/>
  </testcase> <!-- @BeforeMethod setup -->
  <testcase classname="com.githubAutomation.testCases.LandingPageTest" name="@BeforeMethod setup" time="-1.623068847325E9">
    <skipped/>
  </testcase> <!-- @BeforeMethod setup -->
  <testcase classname="com.githubAutomation.testCases.LandingPageTest" name="@BeforeMethod setup" time="-1.62306884733E9">
    <skipped/>
  </testcase> <!-- @BeforeMethod setup -->
  <testcase classname="com.githubAutomation.testCases.LandingPageTest" name="@BeforeMethod setup" time="-1.623068847333E9">
    <skipped/>
  </testcase> <!-- @BeforeMethod setup -->
  <testcase classname="com.githubAutomation.testCases.LandingPageTest" name="@BeforeMethod setup" time="-1.623068847336E9">
    <skipped/>
  </testcase> <!-- @BeforeMethod setup -->
  <testcase classname="com.githubAutomation.Base.TestBase" name="@AfterTest tearDown" time="-1.623068847339E9">
    <skipped/>
  </testcase> <!-- @AfterTest tearDown -->
  <testcase classname="com.githubAutomation.testCases.LandingPageTest" name="verifyingLandingPage" time="0.0">
    <skipped/>
  </testcase> <!-- verifyingLandingPage -->
  <testcase classname="com.githubAutomation.testCases.LandingPageTest" name="verifyingRepoResults" time="0.0">
    <skipped/>
  </testcase> <!-- verifyingRepoResults -->
  <testcase classname="com.githubAutomation.testCases.LandingPageTest" name="validatingRepository" time="0.0">
    <skipped/>
  </testcase> <!-- validatingRepository -->
  <testcase classname="com.githubAutomation.testCases.LandingPageTest" name="verifyingStar" time="0.0">
    <skipped/>
  </testcase> <!-- verifyingStar -->
  <testcase classname="com.githubAutomation.testCases.LandingPageTest" name="verifyingUnstar" time="0.0">
    <skipped/>
  </testcase> <!-- verifyingUnstar -->
  <testcase classname="com.githubAutomation.testCases.LandingPageTest" name="verifyingFileSearchField" time="0.0">
    <skipped/>
  </testcase> <!-- verifyingFileSearchField -->
</testsuite> <!-- Default test -->
